2018-04-10 11:27:41,962 [background-preinit] INFO  [org.hibernate.validator.internal.util.Version] - HV000001: Hibernate Validator 5.3.6.Final
2018-04-10 11:27:42,087 [main] INFO  [org.springframework.context.annotation.AnnotationConfigApplicationContext] - Refreshing org.springframework.context.annotation.AnnotationConfigApplicationContext@31ea9581: startup date [Tue Apr 10 11:27:42 CST 2018]; root of context hierarchy
2018-04-10 11:27:42,374 [main] INFO  [org.springframework.beans.factory.annotation.AutowiredAnnotationBeanPostProcessor] - JSR-330 'javax.inject.Inject' annotation found and supported for autowiring
2018-04-10 11:27:42,420 [main] INFO  [org.springframework.context.support.PostProcessorRegistrationDelegate$BeanPostProcessorChecker] - Bean 'configurationPropertiesRebinderAutoConfiguration' of type [org.springframework.cloud.autoconfigure.ConfigurationPropertiesRebinderAutoConfiguration$$EnhancerBySpringCGLIB$$dcc06eb1] is not eligible for getting processed by all BeanPostProcessors (for example: not eligible for auto-proxying)
2018-04-10 11:27:43,061 [main] INFO  [com.pengkongtec.springboot.SpringbootApplication] - No active profile set, falling back to default profiles: default
2018-04-10 11:27:43,092 [main] INFO  [org.springframework.boot.context.embedded.AnnotationConfigEmbeddedWebApplicationContext] - Refreshing org.springframework.boot.context.embedded.AnnotationConfigEmbeddedWebApplicationContext@6dc1484: startup date [Tue Apr 10 11:27:43 CST 2018]; parent: org.springframework.context.annotation.AnnotationConfigApplicationContext@31ea9581
2018-04-10 11:27:44,519 [main] INFO  [org.springframework.cloud.context.scope.GenericScope] - BeanFactory id=ad377144-4a9c-34d6-b488-28c437b4fab8
2018-04-10 11:27:44,535 [main] INFO  [org.springframework.beans.factory.annotation.AutowiredAnnotationBeanPostProcessor] - JSR-330 'javax.inject.Inject' annotation found and supported for autowiring
2018-04-10 11:27:44,660 [main] INFO  [org.springframework.context.support.PostProcessorRegistrationDelegate$BeanPostProcessorChecker] - Bean 'org.springframework.cloud.autoconfigure.ConfigurationPropertiesRebinderAutoConfiguration' of type [org.springframework.cloud.autoconfigure.ConfigurationPropertiesRebinderAutoConfiguration$$EnhancerBySpringCGLIB$$dcc06eb1] is not eligible for getting processed by all BeanPostProcessors (for example: not eligible for auto-proxying)
2018-04-10 11:27:44,675 [main] INFO  [org.springframework.context.support.PostProcessorRegistrationDelegate$BeanPostProcessorChecker] - Bean 'org.springframework.transaction.annotation.ProxyTransactionManagementConfiguration' of type [org.springframework.transaction.annotation.ProxyTransactionManagementConfiguration$$EnhancerBySpringCGLIB$$c0a66bb4] is not eligible for getting processed by all BeanPostProcessors (for example: not eligible for auto-proxying)
2018-04-10 11:27:45,253 [main] INFO  [org.springframework.boot.context.embedded.tomcat.TomcatEmbeddedServletContainer] - Tomcat initialized with port(s): 8080 (http)
2018-04-10 11:27:45,619 [localhost-startStop-1] INFO  [org.springframework.web.context.ContextLoader] - Root WebApplicationContext: initialization completed in 2527 ms
2018-04-10 11:27:45,800 [localhost-startStop-1] INFO  [org.springframework.boot.web.servlet.ServletRegistrationBean] - Mapping servlet: 'dispatcherServlet' to [/]
2018-04-10 11:27:45,800 [localhost-startStop-1] INFO  [org.springframework.boot.web.servlet.FilterRegistrationBean] - Mapping filter: 'characterEncodingFilter' to: [/*]
2018-04-10 11:27:45,800 [localhost-startStop-1] INFO  [org.springframework.boot.web.servlet.FilterRegistrationBean] - Mapping filter: 'hiddenHttpMethodFilter' to: [/*]
2018-04-10 11:27:45,800 [localhost-startStop-1] INFO  [org.springframework.boot.web.servlet.FilterRegistrationBean] - Mapping filter: 'httpPutFormContentFilter' to: [/*]
2018-04-10 11:27:45,800 [localhost-startStop-1] INFO  [org.springframework.boot.web.servlet.FilterRegistrationBean] - Mapping filter: 'requestContextFilter' to: [/*]
2018-04-10 11:27:46,878 [main] INFO  [org.springframework.web.servlet.mvc.method.annotation.RequestMappingHandlerAdapter] - Looking for @ControllerAdvice: org.springframework.boot.context.embedded.AnnotationConfigEmbeddedWebApplicationContext@6dc1484: startup date [Tue Apr 10 11:27:43 CST 2018]; parent: org.springframework.context.annotation.AnnotationConfigApplicationContext@31ea9581
2018-04-10 11:27:47,002 [main] INFO  [org.springframework.web.servlet.mvc.method.annotation.RequestMappingHandlerMapping] - Mapped "{[/api/user/add],methods=[GET]}" onto public java.lang.Integer com.pengkongtec.controller.IndexController.add(java.lang.Integer,java.lang.Integer)
2018-04-10 11:27:47,002 [main] INFO  [org.springframework.web.servlet.mvc.method.annotation.RequestMappingHandlerMapping] - Mapped "{[/api/user/getUserList/{age}],methods=[POST]}" onto public java.util.List<com.pengkongtec.pojo.User> com.pengkongtec.controller.IndexController.getList(java.lang.Integer)
2018-04-10 11:27:47,002 [main] INFO  [org.springframework.web.servlet.mvc.method.annotation.RequestMappingHandlerMapping] - Mapped "{[/error]}" onto public org.springframework.http.ResponseEntity<java.util.Map<java.lang.String, java.lang.Object>> org.springframework.boot.autoconfigure.web.BasicErrorController.error(javax.servlet.http.HttpServletRequest)
2018-04-10 11:27:47,002 [main] INFO  [org.springframework.web.servlet.mvc.method.annotation.RequestMappingHandlerMapping] - Mapped "{[/error],produces=[text/html]}" onto public org.springframework.web.servlet.ModelAndView org.springframework.boot.autoconfigure.web.BasicErrorController.errorHtml(javax.servlet.http.HttpServletRequest,javax.servlet.http.HttpServletResponse)
2018-04-10 11:27:47,065 [main] INFO  [org.springframework.web.servlet.handler.SimpleUrlHandlerMapping] - Mapped URL path [/webjars/**] onto handler of type [class org.springframework.web.servlet.resource.ResourceHttpRequestHandler]
2018-04-10 11:27:47,065 [main] INFO  [org.springframework.web.servlet.handler.SimpleUrlHandlerMapping] - Mapped URL path [/**] onto handler of type [class org.springframework.web.servlet.resource.ResourceHttpRequestHandler]
2018-04-10 11:27:47,127 [main] INFO  [org.springframework.web.servlet.handler.SimpleUrlHandlerMapping] - Mapped URL path [/**/favicon.ico] onto handler of type [class org.springframework.web.servlet.resource.ResourceHttpRequestHandler]
2018-04-10 11:27:47,174 [main] WARN  [org.springframework.boot.autoconfigure.thymeleaf.AbstractTemplateResolverConfiguration] - Cannot find template location: classpath:/templates/ (please add some templates or check your Thymeleaf configuration)
2018-04-10 11:27:48,253 [main] WARN  [org.springframework.cloud.netflix.archaius.ArchaiusAutoConfiguration] - No spring.application.name found, defaulting to 'application'
2018-04-10 11:27:48,496 [main] INFO  [org.springframework.jmx.export.annotation.AnnotationMBeanExporter] - Registering beans for JMX exposure on startup
2018-04-10 11:27:48,506 [main] INFO  [org.springframework.jmx.export.annotation.AnnotationMBeanExporter] - Bean with name 'refreshScope' has been autodetected for JMX exposure
2018-04-10 11:27:48,506 [main] INFO  [org.springframework.jmx.export.annotation.AnnotationMBeanExporter] - Bean with name 'environmentManager' has been autodetected for JMX exposure
2018-04-10 11:27:48,507 [main] INFO  [org.springframework.jmx.export.annotation.AnnotationMBeanExporter] - Bean with name 'configurationPropertiesRebinder' has been autodetected for JMX exposure
2018-04-10 11:27:48,508 [main] INFO  [org.springframework.jmx.export.annotation.AnnotationMBeanExporter] - Located managed bean 'environmentManager': registering with JMX server as MBean [org.springframework.cloud.context.environment:name=environmentManager,type=EnvironmentManager]
2018-04-10 11:27:48,524 [main] INFO  [org.springframework.jmx.export.annotation.AnnotationMBeanExporter] - Located managed bean 'refreshScope': registering with JMX server as MBean [org.springframework.cloud.context.scope.refresh:name=refreshScope,type=RefreshScope]
2018-04-10 11:27:48,539 [main] INFO  [org.springframework.jmx.export.annotation.AnnotationMBeanExporter] - Located managed bean 'configurationPropertiesRebinder': registering with JMX server as MBean [org.springframework.cloud.context.properties:name=configurationPropertiesRebinder,context=6dc1484,type=ConfigurationPropertiesRebinder]
2018-04-10 11:27:48,664 [main] INFO  [org.springframework.scheduling.annotation.ScheduledAnnotationBeanPostProcessor] - No TaskScheduler/ScheduledExecutorService bean found for scheduled processing
2018-04-10 11:27:48,793 [main] INFO  [org.springframework.boot.context.embedded.tomcat.TomcatEmbeddedServletContainer] - Tomcat started on port(s): 8080 (http)
2018-04-10 11:27:48,809 [main] INFO  [com.pengkongtec.springboot.SpringbootApplication] - Started SpringbootApplication in 8.518 seconds (JVM running for 9.31)
